<?xml version="1.0" encoding="UTF-8"?>
<!-- Generated by org.testng.reporters.JUnitReportReporter -->
<testsuite skipped="0" hostname="DESKTOP-V1BCJKD" name="com.Demoblaze.Testrunner.TestRunner" tests="4" failures="0" timestamp="2020-04-13T11:16:08 IST" time="154.034" errors="0">
  <testcase name="login" time="26.517" classname="com.Demoblaze.Testrunner.TestRunner"/>
  <system-out/>
  <testcase name="login" time="15.673" classname="com.Demoblaze.Testrunner.TestRunner"/>
  <system-out/>
  <testcase name="login" time="87.701" classname="com.Demoblaze.Testrunner.TestRunner"/>
  <system-out/>
  <testcase name="login" time="24.143" classname="com.Demoblaze.Testrunner.TestRunner"/>
  <system-out/>
</testsuite> <!-- com.Demoblaze.Testrunner.TestRunner -->
