<?xml version="1.0" encoding="UTF-8"?>
<!-- Generated by org.testng.reporters.JUnitReportReporter -->
<testsuite skipped="0" hostname="DESKTOP-V1BCJKD" name="com.Demoblaze.TestRunner.Signup_TestRunner" tests="1" failures="0" timestamp="2020-04-13T14:47:43 IST" time="31.797" errors="0">
  <testcase name="login" time="31.797" classname="com.Demoblaze.TestRunner.Signup_TestRunner"/>
  <system-out/>
</testsuite> <!-- com.Demoblaze.TestRunner.Signup_TestRunner -->
