<?xml version="1.0" encoding="UTF-8"?>
<!-- Generated by org.testng.reporters.JUnitReportReporter -->
<testsuite skipped="0" hostname="DESKTOP-V1BCJKD" name="com.Demoblaze.TestRunner.Login_TestRunner" tests="1" failures="0" timestamp="2020-04-13T14:47:43 IST" time="23.049" errors="0">
  <testcase name="login" time="23.049" classname="com.Demoblaze.TestRunner.Login_TestRunner"/>
  <system-out/>
</testsuite> <!-- com.Demoblaze.TestRunner.Login_TestRunner -->
